Started GET "/" for ::1 at 2022-05-12 16:35:31 +0100
  [1m[35m (2.5ms)[0m  [1m[34mSELECT sqlite_version(*)[0m
Processing by Rails::WelcomeController#index as HTML
  Rendering /Users/andrescorrea/.rvm/gems/ruby-2.7.5/gems/railties-6.1.4.6/lib/rails/templates/rails/welcome/index.html.erb
  Rendered /Users/andrescorrea/.rvm/gems/ruby-2.7.5/gems/railties-6.1.4.6/lib/rails/templates/rails/welcome/index.html.erb (Duration: 7.7ms | Allocations: 441)
Completed 200 OK in 28ms (Views: 14.0ms | ActiveRecord: 0.0ms | Allocations: 3594)


Started GET "/" for ::1 at 2022-05-12 16:36:53 +0100
Processing by Rails::WelcomeController#index as HTML
  Rendering /Users/andrescorrea/.rvm/gems/ruby-2.7.5/gems/railties-6.1.4.6/lib/rails/templates/rails/welcome/index.html.erb
  Rendered /Users/andrescorrea/.rvm/gems/ruby-2.7.5/gems/railties-6.1.4.6/lib/rails/templates/rails/welcome/index.html.erb (Duration: 6.4ms | Allocations: 218)
Completed 200 OK in 8ms (Views: 7.3ms | Allocations: 831)


Started GET "/" for ::1 at 2022-05-12 16:37:35 +0100
Processing by ApplicationController#hello as HTML
  Rendering html template
  Rendered html template (Duration: 0.1ms | Allocations: 28)
Completed 200 OK in 3ms (Views: 2.6ms | Allocations: 561)


  [1m[35m (1.1ms)[0m  [1m[34mSELECT sqlite_version(*)[0m
  [1m[35m (1.3ms)[0m  [1m[35mCREATE TABLE "schema_migrations" ("version" varchar NOT NULL PRIMARY KEY)[0m
  [1m[35m (1.4ms)[0m  [1m[35mCREATE TABLE "ar_internal_metadata" ("key" varchar NOT NULL PRIMARY KEY, "value" varchar, "created_at" datetime(6) NOT NULL, "updated_at" datetime(6) NOT NULL)[0m
  [1m[35m (0.2ms)[0m  [1m[34mSELECT "schema_migrations"."version" FROM "schema_migrations" ORDER BY "schema_migrations"."version" ASC[0m
Migrating to CreateUsers (20220513231430)
  [1m[36mTRANSACTION (0.1ms)[0m  [1m[36mbegin transaction[0m
  [1m[35m (0.5ms)[0m  [1m[35mCREATE TABLE "users" ("id" integer PRIMARY KEY AUTOINCREMENT NOT NULL, "name" varchar, "email" varchar, "created_at" datetime(6) NOT NULL, "updated_at" datetime(6) NOT NULL)[0m
  [1m[36mActiveRecord::SchemaMigration Create (0.3ms)[0m  [1m[32mINSERT INTO "schema_migrations" ("version") VALUES (?)[0m  [["version", "20220513231430"]]
  [1m[36mTRANSACTION (1.4ms)[0m  [1m[36mcommit transaction[0m
  [1m[36mActiveRecord::InternalMetadata Load (0.1ms)[0m  [1m[34mSELECT "ar_internal_metadata".* FROM "ar_internal_metadata" WHERE "ar_internal_metadata"."key" = ? LIMIT ?[0m  [["key", "environment"], ["LIMIT", 1]]
  [1m[36mTRANSACTION (0.1ms)[0m  [1m[36mbegin transaction[0m
  [1m[36mActiveRecord::InternalMetadata Create (0.9ms)[0m  [1m[32mINSERT INTO "ar_internal_metadata" ("key", "value", "created_at", "updated_at") VALUES (?, ?, ?, ?)[0m  [["key", "environment"], ["value", "development"], ["created_at", "2022-05-13 23:15:17.229191"], ["updated_at", "2022-05-13 23:15:17.229191"]]
  [1m[36mTRANSACTION (0.9ms)[0m  [1m[36mcommit transaction[0m
  [1m[35m (0.1ms)[0m  [1m[34mSELECT sqlite_version(*)[0m
  [1m[35m (0.1ms)[0m  [1m[34mSELECT "schema_migrations"."version" FROM "schema_migrations" ORDER BY "schema_migrations"."version" ASC[0m
Started GET "/" for ::1 at 2022-05-14 00:16:22 +0100
  [1m[35m (1.0ms)[0m  [1m[34mSELECT sqlite_version(*)[0m
  [1m[35m (0.6ms)[0m  [1m[34mSELECT "schema_migrations"."version" FROM "schema_migrations" ORDER BY "schema_migrations"."version" ASC[0m
Processing by ApplicationController#hello as HTML
  Rendering html template
  Rendered html template (Duration: 0.1ms | Allocations: 32)
Completed 200 OK in 10ms (Views: 4.1ms | ActiveRecord: 0.0ms | Allocations: 1750)


Started GET "/users" for ::1 at 2022-05-14 00:16:26 +0100
Processing by UsersController#index as HTML
  Rendering layout layouts/application.html.erb
  Rendering users/index.html.erb within layouts/application
  [1m[36mUser Load (0.9ms)[0m  [1m[34mSELECT "users".* FROM "users"[0m
  ↳ app/views/users/index.html.erb:15
  Rendered users/index.html.erb within layouts/application (Duration: 5.4ms | Allocations: 1129)
[Webpacker] Compiling...
[Webpacker] Compiled all packs in /Users/andrescorrea/Documents/GitHub/ws-ruby-6-tutorial/public/packs
[Webpacker] Hash: 1bee4f92ff0a944d8e7e
Version: webpack 4.46.0
Time: 1622ms
Built at: 14/05/2022 00:16:30
                                     Asset       Size       Chunks                         Chunk Names
    js/application-e653451071ac46004b82.js    125 KiB  application  [emitted] [immutable]  application
js/application-e653451071ac46004b82.js.map    139 KiB  application  [emitted] [dev]        application
                             manifest.json  364 bytes               [emitted]              
Entrypoint application = js/application-e653451071ac46004b82.js js/application-e653451071ac46004b82.js.map
[./app/javascript/channels sync recursive _channel\.js$] ./app/javascript/channels sync _channel\.js$ 160 bytes {application} [built]
[./app/javascript/channels/index.js] 211 bytes {application} [built]
[./app/javascript/packs/application.js] 492 bytes {application} [built]
[./node_modules/webpack/buildin/module.js] (webpack)/buildin/module.js 552 bytes {application} [built]
    + 3 hidden modules

  Rendered layout layouts/application.html.erb (Duration: 4142.7ms | Allocations: 22597)
Completed 200 OK in 4152ms (Views: 4144.5ms | ActiveRecord: 0.9ms | Allocations: 24210)


Started GET "/users" for ::1 at 2022-05-14 00:16:46 +0100
Processing by UsersController#index as HTML
  Rendering layout layouts/application.html.erb
  Rendering users/index.html.erb within layouts/application
  [1m[36mUser Load (0.2ms)[0m  [1m[34mSELECT "users".* FROM "users"[0m
  ↳ app/views/users/index.html.erb:15
  Rendered users/index.html.erb within layouts/application (Duration: 2.3ms | Allocations: 709)
[Webpacker] Everything's up-to-date. Nothing to do
  Rendered layout layouts/application.html.erb (Duration: 9.1ms | Allocations: 4276)
Completed 200 OK in 10ms (Views: 9.6ms | ActiveRecord: 0.2ms | Allocations: 4673)


Started GET "/users/new" for ::1 at 2022-05-14 00:16:52 +0100
Processing by UsersController#new as HTML
  Rendering layout layouts/application.html.erb
  Rendering users/new.html.erb within layouts/application
  Rendered users/_form.html.erb (Duration: 17.7ms | Allocations: 4256)
  Rendered users/new.html.erb within layouts/application (Duration: 19.3ms | Allocations: 4607)
[Webpacker] Everything's up-to-date. Nothing to do
  Rendered layout layouts/application.html.erb (Duration: 23.8ms | Allocations: 8168)
Completed 200 OK in 31ms (Views: 24.3ms | ActiveRecord: 1.0ms | Allocations: 11577)


Started POST "/users" for ::1 at 2022-05-14 00:17:03 +0100
Processing by UsersController#create as HTML
  Parameters: {"authenticity_token"=>"[FILTERED]", "user"=>{"name"=>"Andy", "email"=>"andy@foo.com"}, "commit"=>"Create User"}
  [1m[36mTRANSACTION (0.1ms)[0m  [1m[36mbegin transaction[0m
  ↳ app/controllers/users_controller.rb:30:in `block in create'
  [1m[36mUser Create (1.6ms)[0m  [1m[32mINSERT INTO "users" ("name", "email", "created_at", "updated_at") VALUES (?, ?, ?, ?)[0m  [["name", "Andy"], ["email", "andy@foo.com"], ["created_at", "2022-05-13 23:17:03.443841"], ["updated_at", "2022-05-13 23:17:03.443841"]]
  ↳ app/controllers/users_controller.rb:30:in `block in create'
  [1m[36mTRANSACTION (0.8ms)[0m  [1m[36mcommit transaction[0m
  ↳ app/controllers/users_controller.rb:30:in `block in create'
Redirected to http://localhost:3000/users/1
Completed 302 Found in 12ms (ActiveRecord: 2.5ms | Allocations: 2658)


Started GET "/users/1" for ::1 at 2022-05-14 00:17:03 +0100
Processing by UsersController#show as HTML
  Parameters: {"id"=>"1"}
  [1m[36mUser Load (0.2ms)[0m  [1m[34mSELECT "users".* FROM "users" WHERE "users"."id" = ? LIMIT ?[0m  [["id", 1], ["LIMIT", 1]]
  ↳ app/controllers/users_controller.rb:67:in `set_user'
  Rendering layout layouts/application.html.erb
  Rendering users/show.html.erb within layouts/application
  Rendered users/show.html.erb within layouts/application (Duration: 0.9ms | Allocations: 269)
[Webpacker] Everything's up-to-date. Nothing to do
  Rendered layout layouts/application.html.erb (Duration: 6.4ms | Allocations: 3776)
Completed 200 OK in 16ms (Views: 7.2ms | ActiveRecord: 0.2ms | Allocations: 6924)


Started GET "/users" for ::1 at 2022-05-14 00:17:34 +0100
Processing by UsersController#index as HTML
  Rendering layout layouts/application.html.erb
  Rendering users/index.html.erb within layouts/application
  [1m[36mUser Load (0.1ms)[0m  [1m[34mSELECT "users".* FROM "users"[0m
  ↳ app/views/users/index.html.erb:15
  Rendered users/index.html.erb within layouts/application (Duration: 2.1ms | Allocations: 809)
[Webpacker] Everything's up-to-date. Nothing to do
  Rendered layout layouts/application.html.erb (Duration: 15.1ms | Allocations: 4368)
Completed 200 OK in 16ms (Views: 15.5ms | ActiveRecord: 0.1ms | Allocations: 4763)


